N501Y
P681H
N501Y
D614G
E484K
L452R
N501Y
D614G
N501Y
P681H
D614G
E484K
K417N
P384L
K417N
E484K
N501Y
D614G
K417N
E484K
N501Y
E516Q
D614G
N501Y
E484K
K417T
D614G
L452R
D614G
S452R
S13I
W152C
L452R
D614G
S452R
orf1ab:D5584Y
N:T205I
E484K
D614G
Q677H
E484K
N501Y
D614G
V482A
D614G
H655Y
G669S
L452R
E484Q
D614G
L452R
E484Q
D614G
L452R
T478K
D614G
S477N
E484K
D614G
N501Y
E484K
R346K
P681H
del:26158:4
Q414K
N450K
ins214TDR
D614G
E484K
Q613H
L452R
N501Y
H655Y
E484K
N501T
H655Y
del:69-70
L452R
D614G
L452Q
F490S
D614G
L452R
D614G
E484K
D614G
T95I
D253G
L452R
D614G
S477N
D614G
E484K
D614G
D796H
P681H
T95I
Y144del
E484K
D614G
